<?xml version="1.0" encoding="UTF-8"?>
<testsuite xmlns:xsi="http://www.w3.org/2001/XMLSchema-instance" xsi:noNamespaceSchemaLocation="https://maven.apache.org/surefire/maven-surefire-plugin/xsd/surefire-test-report.xsd" name="ssvv.monitor.service.ServiceTest" time="0.281" tests="17" errors="0" skipped="0" failures="0">
  <properties>
    <property name="sun.desktop" value="windows"/>
    <property name="awt.toolkit" value="sun.awt.windows.WToolkit"/>
    <property name="java.specification.version" value="11"/>
    <property name="sun.cpu.isalist" value="amd64"/>
    <property name="sun.jnu.encoding" value="Cp1252"/>
    <property name="java.class.path" value="C:\Users\Andrei Gabor\Desktop\UNI\3rd YEAR\SEM 2\ssvv\target\test-classes;C:\Users\Andrei Gabor\Desktop\UNI\3rd YEAR\SEM 2\ssvv\target\classes;C:\Users\Andrei Gabor\.m2\repository\junit\junit\4.12\junit-4.12.jar;C:\Users\Andrei Gabor\.m2\repository\org\hamcrest\hamcrest-core\1.3\hamcrest-core-1.3.jar;C:\Users\Andrei Gabor\.m2\repository\org\junit\jupiter\junit-jupiter\5.8.2\junit-jupiter-5.8.2.jar;C:\Users\Andrei Gabor\.m2\repository\org\junit\jupiter\junit-jupiter-api\5.8.2\junit-jupiter-api-5.8.2.jar;C:\Users\Andrei Gabor\.m2\repository\org\opentest4j\opentest4j\1.2.0\opentest4j-1.2.0.jar;C:\Users\Andrei Gabor\.m2\repository\org\junit\platform\junit-platform-commons\1.8.2\junit-platform-commons-1.8.2.jar;C:\Users\Andrei Gabor\.m2\repository\org\apiguardian\apiguardian-api\1.1.2\apiguardian-api-1.1.2.jar;C:\Users\Andrei Gabor\.m2\repository\org\junit\jupiter\junit-jupiter-params\5.8.2\junit-jupiter-params-5.8.2.jar;C:\Users\Andrei Gabor\.m2\repository\org\junit\jupiter\junit-jupiter-engine\5.8.2\junit-jupiter-engine-5.8.2.jar;C:\Users\Andrei Gabor\.m2\repository\org\junit\platform\junit-platform-engine\1.8.2\junit-platform-engine-1.8.2.jar;"/>
    <property name="java.vm.vendor" value="Amazon.com Inc."/>
    <property name="sun.arch.data.model" value="64"/>
    <property name="user.variant" value=""/>
    <property name="java.vendor.url" value="https://aws.amazon.com/corretto/"/>
    <property name="user.timezone" value="Europe/Athens"/>
    <property name="user.country.format" value="RO"/>
    <property name="java.vm.specification.version" value="11"/>
    <property name="os.name" value="Windows 10"/>
    <property name="sun.java.launcher" value="SUN_STANDARD"/>
    <property name="user.country" value="US"/>
    <property name="sun.boot.library.path" value="C:\Users\Andrei Gabor\.jdks\corretto-11.0.12\bin"/>
    <property name="sun.java.command" value="C:\Users\ANDREI~1\AppData\Local\Temp\surefire11020452137404441494\surefirebooter17290430358370501593.jar C:\Users\Andrei Gabor\AppData\Local\Temp\surefire11020452137404441494 2022-04-18T22-26-15_910-jvmRun1 surefire6206113610370630949tmp surefire_016457832624711310846tmp"/>
    <property name="jdk.debug" value="release"/>
    <property name="surefire.test.class.path" value="C:\Users\Andrei Gabor\Desktop\UNI\3rd YEAR\SEM 2\ssvv\target\test-classes;C:\Users\Andrei Gabor\Desktop\UNI\3rd YEAR\SEM 2\ssvv\target\classes;C:\Users\Andrei Gabor\.m2\repository\junit\junit\4.12\junit-4.12.jar;C:\Users\Andrei Gabor\.m2\repository\org\hamcrest\hamcrest-core\1.3\hamcrest-core-1.3.jar;C:\Users\Andrei Gabor\.m2\repository\org\junit\jupiter\junit-jupiter\5.8.2\junit-jupiter-5.8.2.jar;C:\Users\Andrei Gabor\.m2\repository\org\junit\jupiter\junit-jupiter-api\5.8.2\junit-jupiter-api-5.8.2.jar;C:\Users\Andrei Gabor\.m2\repository\org\opentest4j\opentest4j\1.2.0\opentest4j-1.2.0.jar;C:\Users\Andrei Gabor\.m2\repository\org\junit\platform\junit-platform-commons\1.8.2\junit-platform-commons-1.8.2.jar;C:\Users\Andrei Gabor\.m2\repository\org\apiguardian\apiguardian-api\1.1.2\apiguardian-api-1.1.2.jar;C:\Users\Andrei Gabor\.m2\repository\org\junit\jupiter\junit-jupiter-params\5.8.2\junit-jupiter-params-5.8.2.jar;C:\Users\Andrei Gabor\.m2\repository\org\junit\jupiter\junit-jupiter-engine\5.8.2\junit-jupiter-engine-5.8.2.jar;C:\Users\Andrei Gabor\.m2\repository\org\junit\platform\junit-platform-engine\1.8.2\junit-platform-engine-1.8.2.jar;"/>
    <property name="sun.cpu.endian" value="little"/>
    <property name="user.home" value="C:\Users\Andrei Gabor"/>
    <property name="user.language" value="en"/>
    <property name="java.specification.vendor" value="Oracle Corporation"/>
    <property name="java.version.date" value="2021-07-20"/>
    <property name="java.home" value="C:\Users\Andrei Gabor\.jdks\corretto-11.0.12"/>
    <property name="file.separator" value="\"/>
    <property name="basedir" value="C:\Users\Andrei Gabor\Desktop\UNI\3rd YEAR\SEM 2\ssvv"/>
    <property name="java.vm.compressedOopsMode" value="32-bit"/>
    <property name="line.separator" value="&#10;"/>
    <property name="java.specification.name" value="Java Platform API Specification"/>
    <property name="java.vm.specification.vendor" value="Oracle Corporation"/>
    <property name="java.awt.graphicsenv" value="sun.awt.Win32GraphicsEnvironment"/>
    <property name="surefire.real.class.path" value="C:\Users\ANDREI~1\AppData\Local\Temp\surefire11020452137404441494\surefirebooter17290430358370501593.jar"/>
    <property name="user.script" value=""/>
    <property name="sun.management.compiler" value="HotSpot 64-Bit Tiered Compilers"/>
    <property name="java.runtime.version" value="11.0.12+7-LTS"/>
    <property name="user.name" value="Andrei Gabor"/>
    <property name="path.separator" value=";"/>
    <property name="os.version" value="10.0"/>
    <property name="java.runtime.name" value="OpenJDK Runtime Environment"/>
    <property name="file.encoding" value="Cp1252"/>
    <property name="java.vm.name" value="OpenJDK 64-Bit Server VM"/>
    <property name="java.vendor.version" value="Corretto-11.0.12.7.1"/>
    <property name="localRepository" value="C:\Users\Andrei Gabor\.m2\repository"/>
    <property name="java.vendor.url.bug" value="https://github.com/corretto/corretto-11/issues/"/>
    <property name="java.io.tmpdir" value="C:\Users\ANDREI~1\AppData\Local\Temp\"/>
    <property name="idea.version" value="2021.3.1"/>
    <property name="java.version" value="11.0.12"/>
    <property name="user.dir" value="C:\Users\Andrei Gabor\Desktop\UNI\3rd YEAR\SEM 2\ssvv"/>
    <property name="os.arch" value="amd64"/>
    <property name="java.vm.specification.name" value="Java Virtual Machine Specification"/>
    <property name="java.awt.printerjob" value="sun.awt.windows.WPrinterJob"/>
    <property name="user.language.format" value="ro"/>
    <property name="sun.os.patch.level" value=""/>
    <property name="java.library.path" value="C:\Users\Andrei Gabor\.jdks\corretto-11.0.12\bin;C:\Windows\Sun\Java\bin;C:\Windows\system32;C:\Windows;C:\Users\Andrei Gabor\Desktop\java-utils\graalvm-ce-java11-20.3.5\bin;%PATH%;C:\Ruby27-x64\bin;C:\Ruby30-x64\bin;C:\Users\Andrei Gabor\.cargo\bin;C:\Program Files\MySQL\MySQL Shell 8.0\bin\;C:\Users\Andrei Gabor\AppData\Roaming\local\bin;C:\Users\Andrei Gabor\AppData\Local\Microsoft\WindowsApps;C:\Users\Andrei Gabor\AppData\Local\Programs\Microsoft VS Code\bin;C:\Program Files (x86)\clisp-2.49;C:\Users\Andrei Gabor\.dotnet\tools;C:\Program Files\Azure Data Studio\bin;C:\Users\Andrei Gabor\AppData\Roaming\cabal\bin;C:\ProgramData\chocolatey\lib\ghc\tools\ghc-8.10.3\bin;C:\Users\Andrei Gabor\AppData\Roaming\npm;C:\Users\Andrei Gabor\.dotnet\tools;C:\Users\Andrei Gabor\go\bin;."/>
    <property name="java.vm.info" value="mixed mode"/>
    <property name="java.vendor" value="Amazon.com Inc."/>
    <property name="java.vm.version" value="11.0.12+7-LTS"/>
    <property name="sun.io.unicode.encoding" value="UnicodeLittle"/>
    <property name="java.class.version" value="55.0"/>
  </properties>
  <testcase name="addAssignment_invalidPrimire_throwsValidationException" classname="ssvv.monitor.service.ServiceTest" time="0.001"/>
  <testcase name="addStudent_groupNumberIsZero_isAdded" classname="ssvv.monitor.service.ServiceTest" time="0.009"/>
  <testcase name="addAssignment_invalidDescription_throwsValidationException" classname="ssvv.monitor.service.ServiceTest" time="0.013"/>
  <testcase name="addStudent_invalidStudentName_notAdded" classname="ssvv.monitor.service.ServiceTest" time="0.014"/>
  <testcase name="addStudent_groupNumberIsMinusOne_notAdded" classname="ssvv.monitor.service.ServiceTest" time="0.02"/>
  <testcase name="addAssignment_invalidDeadline_throwsValidationException" classname="ssvv.monitor.service.ServiceTest" time="0.017"/>
  <testcase name="addStudent_validStudentName_isAdded" classname="ssvv.monitor.service.ServiceTest" time="0.018"/>
  <testcase name="addAssignment_invalidID_throwsValidationException" classname="ssvv.monitor.service.ServiceTest" time="0.016"/>
  <testcase name="addAssignment_validAssignment_isAdded" classname="ssvv.monitor.service.ServiceTest" time="0.017"/>
  <testcase name="addStudent_validStudentGroup_isAdded" classname="ssvv.monitor.service.ServiceTest" time="0.015"/>
  <testcase name="addAssignment_alreadyExistingAssignment_notAdded" classname="ssvv.monitor.service.ServiceTest" time="0.02"/>
  <testcase name="addStudent_invalidStudentGroup_notAdded" classname="ssvv.monitor.service.ServiceTest" time="0.014"/>
  <testcase name="addStudent_invalidStudentId_notAdded" classname="ssvv.monitor.service.ServiceTest" time="0.016"/>
  <testcase name="addStudent_validStudentEmail_isAdded" classname="ssvv.monitor.service.ServiceTest" time="0.014"/>
  <testcase name="addAssignment_invalidDataAssignment_notAdded" classname="ssvv.monitor.service.ServiceTest" time="0.019"/>
  <testcase name="addStudent_invalidStudentEmail_notAdded" classname="ssvv.monitor.service.ServiceTest" time="0.023"/>
  <testcase name="addStudent_validStudentId_isAdded" classname="ssvv.monitor.service.ServiceTest" time="0.025"/>
</testsuite>